Using pre-set license
Built from '2021.1/staging' branch; Version is '2021.1.5f1 (3737af19df53) revision 3618735'; Using compiler version '192528614'; Build Type 'Release'
OS: 'Windows 10 Home; OS build 19044.1526; Version 2009; 64bit' Language: 'de' Physical Memory: 16360 MB
BatchMode: 1, IsHumanControllingUs: 0, StartBugReporterOnCrash: 0, Is64bit: 1, IsPro: 0

 COMMAND LINE ARGUMENTS:
C:\Users\yannis\Documents\Unity\2021.1.5f1\Editor\Unity.exe
-adb2
-batchMode
-noUpm
-name
AssetImportWorker2
-projectPath
C:/Users/yannis/Documents/GitHub/UnityPr/BasicScene
-logFile
Logs/AssetImportWorker2.log
-srvPort
58751
Successfully changed project path to: C:/Users/yannis/Documents/GitHub/UnityPr/BasicScene
C:/Users/yannis/Documents/GitHub/UnityPr/BasicScene
Using Asset Import Pipeline V2.
Refreshing native plugins compatible for Editor in 157.92 ms, found 6 plugins.
Preloading 0 native plugins for Editor in 0.00 ms.
Initialize engine version: 2021.1.5f1 (3737af19df53)
[Subsystems] Discovering subsystems at path C:/Users/yannis/Documents/Unity/2021.1.5f1/Editor/Data/Resources/UnitySubsystems
[Subsystems] Discovering subsystems at path C:/Users/yannis/Documents/GitHub/UnityPr/BasicScene/Assets
GfxDevice: creating device client; threaded=0; jobified=0
Direct3D:
    Version:  Direct3D 11.0 [level 11.1]
    Renderer: NVIDIA GeForce GTX 970 (ID=0x13c2)
    Vendor:   NVIDIA
    VRAM:     4043 MB
    Driver:   27.21.14.6677
Initialize mono
Mono path[0] = 'C:/Users/yannis/Documents/Unity/2021.1.5f1/Editor/Data/Managed'
Mono path[1] = 'C:/Users/yannis/Documents/Unity/2021.1.5f1/Editor/Data/MonoBleedingEdge/lib/mono/unityjit'
Mono config path = 'C:/Users/yannis/Documents/Unity/2021.1.5f1/Editor/Data/MonoBleedingEdge/etc'
Using monoOptions --debugger-agent=transport=dt_socket,embedding=1,server=y,suspend=n,address=127.0.0.1:56364
Begin MonoManager ReloadAssembly
Registering precompiled unity dll's ...
Register platform support module: C:/Users/yannis/Documents/Unity/2021.1.5f1/Editor/Data/PlaybackEngines/WindowsStandaloneSupport/UnityEditor.WindowsStandalone.Extensions.dll
Registered in 0.005776 seconds.
Native extension for WindowsStandalone target not found
Refreshing native plugins compatible for Editor in 148.13 ms, found 6 plugins.
Preloading 0 native plugins for Editor in 0.00 ms.
Mono: successfully reloaded assembly
- Completed reload, in  2.513 seconds
Platform modules already initialized, skipping
Registering precompiled user dll's ...
Registered in 0.015278 seconds.
