Using pre-set license
Built from '2021.1/staging' branch; Version is '2021.1.5f1 (3737af19df53) revision 3618735'; Using compiler version '192528614'; Build Type 'Release'
OS: 'Windows 10 Home; OS build 19044.1526; Version 2009; 64bit' Language: 'de' Physical Memory: 16360 MB
BatchMode: 1, IsHumanControllingUs: 0, StartBugReporterOnCrash: 0, Is64bit: 1, IsPro: 0

 COMMAND LINE ARGUMENTS:
C:\Users\yannis\Documents\Unity\2021.1.5f1\Editor\Unity.exe
-adb2
-batchMode
-noUpm
-name
AssetImportWorker0
-projectPath
C:/Users/yannis/Documents/GitHub/UnityPr/BasicScene
-logFile
Logs/AssetImportWorker0.log
-srvPort
62523
Successfully changed project path to: C:/Users/yannis/Documents/GitHub/UnityPr/BasicScene
C:/Users/yannis/Documents/GitHub/UnityPr/BasicScene
Using Asset Import Pipeline V2.
Refreshing native plugins compatible for Editor in 274.26 ms, found 6 plugins.
Preloading 0 native plugins for Editor in 0.00 ms.
Initialize engine version: 2021.1.5f1 (3737af19df53)
[Subsystems] Discovering subsystems at path C:/Users/yannis/Documents/Unity/2021.1.5f1/Editor/Data/Resources/UnitySubsystems
[Subsystems] Discovering subsystems at path C:/Users/yannis/Documents/GitHub/UnityPr/BasicScene/Assets
GfxDevice: creating device client; threaded=0; jobified=0
Direct3D:
    Version:  Direct3D 11.0 [level 11.1]
    Renderer: NVIDIA GeForce GTX 970 (ID=0x13c2)
    Vendor:   NVIDIA
    VRAM:     4043 MB
    Driver:   27.21.14.6677
Shader 'Universal Render Pipeline/Particles/Lit': fallback shader 'Universal Render Pipeline/Particles/SimpleLit' not found
Initialize mono
Mono path[0] = 'C:/Users/yannis/Documents/Unity/2021.1.5f1/Editor/Data/Managed'
Mono path[1] = 'C:/Users/yannis/Documents/Unity/2021.1.5f1/Editor/Data/MonoBleedingEdge/lib/mono/unityjit'
Mono config path = 'C:/Users/yannis/Documents/Unity/2021.1.5f1/Editor/Data/MonoBleedingEdge/etc'
Using monoOptions --debugger-agent=transport=dt_socket,embedding=1,server=y,suspend=n,address=127.0.0.1:56272
Begin MonoManager ReloadAssembly
Registering precompiled unity dll's ...
Register platform support module: C:/Users/yannis/Documents/Unity/2021.1.5f1/Editor/Data/PlaybackEngines/WindowsStandaloneSupport/UnityEditor.WindowsStandalone.Extensions.dll
Registered in 0.004724 seconds.
Native extension for WindowsStandalone target not found
Refreshing native plugins compatible for Editor in 236.62 ms, found 6 plugins.
Preloading 0 native plugins for Editor in 0.00 ms.
Mono: successfully reloaded assembly
- Completed reload, in  3.086 seconds
Platform modules already initialized, skipping
Registering precompiled user dll's ...
Registered in 0.015206 seconds.
Begin MonoManager ReloadAssembly
Native extension for WindowsStandalone target not found
Refreshing native plugins compatible for Editor in 230.78 ms, found 6 plugins.
Preloading 0 native plugins for Editor in 0.00 ms.
Mono: successfully reloaded assembly
- Completed reload, in  2.870 seconds
Platform modules already initialized, skipping
========================================================================
Worker process is ready to serve import requests
Shader 'Universal Render Pipeline/Particles/Lit': fallback shader 'Universal Render Pipeline/Particles/SimpleLit' not found
Launched and connected shader compiler UnityShaderCompiler.exe after 0.08 seconds
Refreshing native plugins compatible for Editor in 1.67 ms, found 6 plugins.
Preloading 0 native plugins for Editor in 0.00 ms.
Unloading 4426 Unused Serialized files (Serialized files now loaded: 0)
System memory in use before: 209.4 MB.
System memory in use after: 209.4 MB.

Unloading 34 unused Assets to reduce memory usage. Loaded Objects now: 4891.
Total: 6.787100 ms (FindLiveObjects: 0.620700 ms CreateObjectMapping: 0.264500 ms MarkObjects: 5.667300 ms  DeleteObjects: 0.232400 ms)

========================================================================
Received Import Request.
  path: Assets/New Terrain 2.asset
  artifactKey: Guid(6c3f9545069c6f441b0516b445a67241) Importer(815301076,1909f56bfc062723c751e8b465ee728b)
Start importing Assets/New Terrain 2.asset using Guid(6c3f9545069c6f441b0516b445a67241) Importer(815301076,1909f56bfc062723c751e8b465ee728b)  -> (artifact id: 'e08b4276b1e14a75832d5ab814f74b63') in 0.100460 seconds 
========================================================================
Received Import Request.
  Time since last request: 0.000373 seconds.
  path: Assets/UniversalRenderPipelineAsset.asset
  artifactKey: Guid(aa30865c87e434540b754a97510ebf1c) Importer(815301076,1909f56bfc062723c751e8b465ee728b)
Start importing Assets/UniversalRenderPipelineAsset.asset using Guid(aa30865c87e434540b754a97510ebf1c) Importer(815301076,1909f56bfc062723c751e8b465ee728b)  -> (artifact id: '5108a7918b038bd3c1b4ea7c4c7259ff') in 0.026187 seconds 
========================================================================
Received Import Request.
  Time since last request: 0.000836 seconds.
  path: Assets/UniversalRenderPipelineAsset_Renderer.asset
  artifactKey: Guid(51561d7a17086d74ca65ad2874007d49) Importer(815301076,1909f56bfc062723c751e8b465ee728b)
Start importing Assets/UniversalRenderPipelineAsset_Renderer.asset using Guid(51561d7a17086d74ca65ad2874007d49) Importer(815301076,1909f56bfc062723c751e8b465ee728b)  -> (artifact id: '3e0ecf0945197ed827669a3e56b2e7a7') in 0.029859 seconds 
========================================================================
Received Import Request.
  Time since last request: 0.000658 seconds.
  path: Assets/New Terrain.asset
  artifactKey: Guid(bc430651e4dde674899ae142e00b0af5) Importer(815301076,1909f56bfc062723c751e8b465ee728b)
Start importing Assets/New Terrain.asset using Guid(bc430651e4dde674899ae142e00b0af5) Importer(815301076,1909f56bfc062723c751e8b465ee728b)  -> (artifact id: '8f9e30110e70e9f4dae3271e3fd968a5') in 0.220394 seconds 
========================================================================
Received Import Request.
  Time since last request: 0.000330 seconds.
  path: Assets/New Terrain 1.asset
  artifactKey: Guid(83178d4f75950c442853c6a7c3c5992e) Importer(815301076,1909f56bfc062723c751e8b465ee728b)
Start importing Assets/New Terrain 1.asset using Guid(83178d4f75950c442853c6a7c3c5992e) Importer(815301076,1909f56bfc062723c751e8b465ee728b)  -> (artifact id: '23e7c1195a41923803e7d5aa16926ab2') in 0.018363 seconds 
========================================================================
Received Import Request.
  Time since last request: 0.000312 seconds.
  path: Assets/NewLayer.terrainlayer
  artifactKey: Guid(91dabae9e6318574d87804e974b2a5a7) Importer(815301076,1909f56bfc062723c751e8b465ee728b)
Start importing Assets/NewLayer.terrainlayer using Guid(91dabae9e6318574d87804e974b2a5a7) Importer(815301076,1909f56bfc062723c751e8b465ee728b)  -> (artifact id: '0ee55aa1b74f30cec0e1b263f0eee56b') in 0.052999 seconds 
========================================================================
Received Import Request.
  Time since last request: 64.301013 seconds.
  path: Assets/IgniteCoders/Simple Water Shader/Info/Dirt2Layer.terrainlayer
  artifactKey: Guid(0920c260a12cb3740a5e8852154fdeba) Importer(815301076,1909f56bfc062723c751e8b465ee728b)
Start importing Assets/IgniteCoders/Simple Water Shader/Info/Dirt2Layer.terrainlayer using Guid(0920c260a12cb3740a5e8852154fdeba) Importer(815301076,1909f56bfc062723c751e8b465ee728b)  -> (artifact id: '120b5bdc00be981cc9f056809e0df547') in 0.028853 seconds 
========================================================================
Received Import Request.
  Time since last request: 0.000411 seconds.
  path: Assets/IgniteCoders/Simple Water Shader/Info/GroundLayer1.terrainlayer
  artifactKey: Guid(50e840b2689d2434c8184b40391bdd04) Importer(815301076,1909f56bfc062723c751e8b465ee728b)
Start importing Assets/IgniteCoders/Simple Water Shader/Info/GroundLayer1.terrainlayer using Guid(50e840b2689d2434c8184b40391bdd04) Importer(815301076,1909f56bfc062723c751e8b465ee728b)  -> (artifact id: 'b04578be0a98e8152241a5565799c0d9') in 0.039770 seconds 
========================================================================
Received Import Request.
  Time since last request: 0.000468 seconds.
  path: Assets/IgniteCoders/Simple Water Shader/Info/GrassLayer.terrainlayer
  artifactKey: Guid(81b2e37be809c5a4a95c8f332958fff7) Importer(815301076,1909f56bfc062723c751e8b465ee728b)
Start importing Assets/IgniteCoders/Simple Water Shader/Info/GrassLayer.terrainlayer using Guid(81b2e37be809c5a4a95c8f332958fff7) Importer(815301076,1909f56bfc062723c751e8b465ee728b)  -> (artifact id: '272bb260b81ce9689cacfe18a650fe4d') in 0.034121 seconds 
========================================================================
Received Import Request.
  Time since last request: 0.000307 seconds.
  path: Assets/IgniteCoders/Simple Water Shader/Info/DirtLayer.terrainlayer
  artifactKey: Guid(a80f6aac9de9fef4099254a16cbb0feb) Importer(815301076,1909f56bfc062723c751e8b465ee728b)
Start importing Assets/IgniteCoders/Simple Water Shader/Info/DirtLayer.terrainlayer using Guid(a80f6aac9de9fef4099254a16cbb0feb) Importer(815301076,1909f56bfc062723c751e8b465ee728b)  -> (artifact id: 'ad2e484298ec505225b1b0e9e1bf6321') in 0.036759 seconds 
========================================================================
Received Import Request.
  Time since last request: 0.000550 seconds.
  path: Assets/IgniteCoders/Simple Water Shader/Info/EdgeLAyer.terrainlayer
  artifactKey: Guid(8a29ab3409bc0194c8062aba554a5fe2) Importer(815301076,1909f56bfc062723c751e8b465ee728b)
Start importing Assets/IgniteCoders/Simple Water Shader/Info/EdgeLAyer.terrainlayer using Guid(8a29ab3409bc0194c8062aba554a5fe2) Importer(815301076,1909f56bfc062723c751e8b465ee728b)  -> (artifact id: 'c9c1a5a4f0cf69fcd7007f2b4ac6bc6e') in 0.046806 seconds 
========================================================================
Received Import Request.
  Time since last request: 0.000383 seconds.
  path: Assets/IgniteCoders/Simple Water Shader/Info/Readme.asset
  artifactKey: Guid(83c2ed844a8c74b779a4c823d16594b1) Importer(815301076,1909f56bfc062723c751e8b465ee728b)
Start importing Assets/IgniteCoders/Simple Water Shader/Info/Readme.asset using Guid(83c2ed844a8c74b779a4c823d16594b1) Importer(815301076,1909f56bfc062723c751e8b465ee728b) Unable to parse file Assets/IgniteCoders/Simple Water Shader/Info/Readme.asset: [Parser Failure at line 29: Expect ':' between key and value within mapping]

 -> (artifact id: '1d03f90620ce89c5ba501391cd6fe889') in 0.011267 seconds 
========================================================================
Received Prepare
Registering precompiled user dll's ...
Registered in 0.468563 seconds.
Begin MonoManager ReloadAssembly
Native extension for WindowsStandalone target not found
Refreshing native plugins compatible for Editor in 1.72 ms, found 6 plugins.
Preloading 0 native plugins for Editor in 0.00 ms.
Mono: successfully reloaded assembly
- Completed reload, in  2.823 seconds
Platform modules already initialized, skipping
Shader 'Universal Render Pipeline/Particles/Lit': fallback shader 'Universal Render Pipeline/Particles/SimpleLit' not found
Refreshing native plugins compatible for Editor in 1.66 ms, found 6 plugins.
Preloading 0 native plugins for Editor in 0.00 ms.
Unloading 4348 Unused Serialized files (Serialized files now loaded: 0)
System memory in use before: 215.6 MB.
System memory in use after: 215.8 MB.

Unloading 30 unused Assets to reduce memory usage. Loaded Objects now: 4944.
Total: 5.992100 ms (FindLiveObjects: 0.721600 ms CreateObjectMapping: 0.551400 ms MarkObjects: 4.101900 ms  DeleteObjects: 0.615400 ms)

========================================================================
Received Import Request.
  Time since last request: 10628.855615 seconds.
  path: Assets/Scripts
  artifactKey: Guid(f7bd85a0c6e7ddb43b190510a0aa05c3) Importer(815301076,1909f56bfc062723c751e8b465ee728b)
Start importing Assets/Scripts using Guid(f7bd85a0c6e7ddb43b190510a0aa05c3) Importer(815301076,1909f56bfc062723c751e8b465ee728b)  -> (artifact id: '9feabc5a20318d7b9ded2abfb4baa608') in 0.022435 seconds 
========================================================================
Received Import Request.
  Time since last request: 20.802618 seconds.
  path: Assets/Scripts/MouseLook.cs
  artifactKey: Guid(d98ecef9f453bac45847bf28117b9768) Importer(815301076,1909f56bfc062723c751e8b465ee728b)
Start importing Assets/Scripts/MouseLook.cs using Guid(d98ecef9f453bac45847bf28117b9768) Importer(815301076,1909f56bfc062723c751e8b465ee728b)  -> (artifact id: '47536bc252388a76127addb2901e19d0') in 0.107758 seconds 
========================================================================
Received Prepare
Registering precompiled user dll's ...
Registered in 0.017315 seconds.
Begin MonoManager ReloadAssembly
Native extension for WindowsStandalone target not found
Refreshing native plugins compatible for Editor in 1.70 ms, found 6 plugins.
Preloading 0 native plugins for Editor in 0.00 ms.
Mono: successfully reloaded assembly
- Completed reload, in  2.210 seconds
Platform modules already initialized, skipping
Shader 'Universal Render Pipeline/Particles/Lit': fallback shader 'Universal Render Pipeline/Particles/SimpleLit' not found
Refreshing native plugins compatible for Editor in 1.68 ms, found 6 plugins.
Preloading 0 native plugins for Editor in 0.00 ms.
Unloading 4346 Unused Serialized files (Serialized files now loaded: 0)
System memory in use before: 215.6 MB.
System memory in use after: 215.9 MB.

Unloading 27 unused Assets to reduce memory usage. Loaded Objects now: 4949.
Total: 9.496200 ms (FindLiveObjects: 0.695400 ms CreateObjectMapping: 0.264000 ms MarkObjects: 8.358900 ms  DeleteObjects: 0.175800 ms)

========================================================================
Received Import Request.
  Time since last request: 507.589435 seconds.
  path: Assets/Scripts/MouseLook.cs
  artifactKey: Guid(d98ecef9f453bac45847bf28117b9768) Importer(815301076,1909f56bfc062723c751e8b465ee728b)
Start importing Assets/Scripts/MouseLook.cs using Guid(d98ecef9f453bac45847bf28117b9768) Importer(815301076,1909f56bfc062723c751e8b465ee728b)  -> (artifact id: 'bf1fced3a53179d7a86330ab272a69fa') in 0.027721 seconds 
========================================================================
Received Prepare
Registering precompiled user dll's ...
Registered in 0.019516 seconds.
Begin MonoManager ReloadAssembly
Native extension for WindowsStandalone target not found
Refreshing native plugins compatible for Editor in 1.65 ms, found 6 plugins.
Preloading 0 native plugins for Editor in 0.00 ms.
Mono: successfully reloaded assembly
- Completed reload, in  2.955 seconds
Platform modules already initialized, skipping
Shader 'Universal Render Pipeline/Particles/Lit': fallback shader 'Universal Render Pipeline/Particles/SimpleLit' not found
Refreshing native plugins compatible for Editor in 1.66 ms, found 6 plugins.
Preloading 0 native plugins for Editor in 0.00 ms.
Unloading 4346 Unused Serialized files (Serialized files now loaded: 0)
System memory in use before: 215.7 MB.
System memory in use after: 215.9 MB.

Unloading 27 unused Assets to reduce memory usage. Loaded Objects now: 4953.
Total: 5.504700 ms (FindLiveObjects: 0.702600 ms CreateObjectMapping: 0.248000 ms MarkObjects: 4.391500 ms  DeleteObjects: 0.160700 ms)

========================================================================
Received Import Request.
  Time since last request: 312.329310 seconds.
  path: Assets/Scripts/MouseLook.cs
  artifactKey: Guid(d98ecef9f453bac45847bf28117b9768) Importer(815301076,1909f56bfc062723c751e8b465ee728b)
Start importing Assets/Scripts/MouseLook.cs using Guid(d98ecef9f453bac45847bf28117b9768) Importer(815301076,1909f56bfc062723c751e8b465ee728b)  -> (artifact id: '7295a60e493653d873ce64da6b381ed1') in 0.015083 seconds 
========================================================================
Received Prepare
Registering precompiled user dll's ...
Registered in 0.019177 seconds.
Begin MonoManager ReloadAssembly
Native extension for WindowsStandalone target not found
Refreshing native plugins compatible for Editor in 1.83 ms, found 6 plugins.
Preloading 0 native plugins for Editor in 0.00 ms.
Mono: successfully reloaded assembly
- Completed reload, in  2.273 seconds
Platform modules already initialized, skipping
Shader 'Universal Render Pipeline/Particles/Lit': fallback shader 'Universal Render Pipeline/Particles/SimpleLit' not found
Refreshing native plugins compatible for Editor in 1.80 ms, found 6 plugins.
Preloading 0 native plugins for Editor in 0.00 ms.
Unloading 4346 Unused Serialized files (Serialized files now loaded: 0)
System memory in use before: 215.7 MB.
System memory in use after: 216.0 MB.

Unloading 27 unused Assets to reduce memory usage. Loaded Objects now: 4957.
Total: 6.301600 ms (FindLiveObjects: 0.715200 ms CreateObjectMapping: 0.280600 ms MarkObjects: 5.118800 ms  DeleteObjects: 0.182100 ms)

========================================================================
Received Import Request.
  Time since last request: 81.565614 seconds.
  path: Assets/Scripts/MouseLook.cs
  artifactKey: Guid(d98ecef9f453bac45847bf28117b9768) Importer(815301076,1909f56bfc062723c751e8b465ee728b)
Start importing Assets/Scripts/MouseLook.cs using Guid(d98ecef9f453bac45847bf28117b9768) Importer(815301076,1909f56bfc062723c751e8b465ee728b)  -> (artifact id: '380685438716163310a57d00219260a8') in 0.020483 seconds 
========================================================================
Received Prepare
Registering precompiled user dll's ...
Registered in 0.021968 seconds.
Begin MonoManager ReloadAssembly
Native extension for WindowsStandalone target not found
Refreshing native plugins compatible for Editor in 1.79 ms, found 6 plugins.
Preloading 0 native plugins for Editor in 0.00 ms.
Mono: successfully reloaded assembly
- Completed reload, in  2.752 seconds
Platform modules already initialized, skipping
Shader 'Universal Render Pipeline/Particles/Lit': fallback shader 'Universal Render Pipeline/Particles/SimpleLit' not found
Refreshing native plugins compatible for Editor in 2.55 ms, found 6 plugins.
Preloading 0 native plugins for Editor in 0.00 ms.
Unloading 4346 Unused Serialized files (Serialized files now loaded: 0)
System memory in use before: 215.7 MB.
System memory in use after: 216.0 MB.

Unloading 27 unused Assets to reduce memory usage. Loaded Objects now: 4961.
Total: 8.011000 ms (FindLiveObjects: 0.674300 ms CreateObjectMapping: 0.305200 ms MarkObjects: 6.853600 ms  DeleteObjects: 0.175900 ms)

========================================================================
Received Import Request.
  Time since last request: 59.883620 seconds.
  path: Assets/Scripts/MouseLook.cs
  artifactKey: Guid(d98ecef9f453bac45847bf28117b9768) Importer(815301076,1909f56bfc062723c751e8b465ee728b)
Start importing Assets/Scripts/MouseLook.cs using Guid(d98ecef9f453bac45847bf28117b9768) Importer(815301076,1909f56bfc062723c751e8b465ee728b)  -> (artifact id: 'cf6a0626a31bae488cfddf329d18a6d6') in 0.013285 seconds 
========================================================================
Received Prepare
Registering precompiled user dll's ...
Registered in 0.016607 seconds.
Begin MonoManager ReloadAssembly
Native extension for WindowsStandalone target not found
Refreshing native plugins compatible for Editor in 2.11 ms, found 6 plugins.
Preloading 0 native plugins for Editor in 0.00 ms.
Mono: successfully reloaded assembly
- Completed reload, in  3.204 seconds
Platform modules already initialized, skipping
Shader 'Universal Render Pipeline/Particles/Lit': fallback shader 'Universal Render Pipeline/Particles/SimpleLit' not found
Refreshing native plugins compatible for Editor in 1.66 ms, found 6 plugins.
Preloading 0 native plugins for Editor in 0.00 ms.
Unloading 4346 Unused Serialized files (Serialized files now loaded: 0)
System memory in use before: 215.8 MB.
System memory in use after: 216.0 MB.

Unloading 27 unused Assets to reduce memory usage. Loaded Objects now: 4965.
Total: 5.436400 ms (FindLiveObjects: 1.159600 ms CreateObjectMapping: 0.572300 ms MarkObjects: 3.538900 ms  DeleteObjects: 0.163400 ms)

========================================================================
Received Prepare
Registering precompiled user dll's ...
Registered in 0.013817 seconds.
Begin MonoManager ReloadAssembly
Native extension for WindowsStandalone target not found
Refreshing native plugins compatible for Editor in 1.68 ms, found 6 plugins.
Preloading 0 native plugins for Editor in 0.00 ms.
Mono: successfully reloaded assembly
- Completed reload, in  2.684 seconds
Platform modules already initialized, skipping
Shader 'Universal Render Pipeline/Particles/Lit': fallback shader 'Universal Render Pipeline/Particles/SimpleLit' not found
Refreshing native plugins compatible for Editor in 1.65 ms, found 6 plugins.
Preloading 0 native plugins for Editor in 0.00 ms.
Unloading 4346 Unused Serialized files (Serialized files now loaded: 0)
System memory in use before: 215.8 MB.
System memory in use after: 216.0 MB.

Unloading 27 unused Assets to reduce memory usage. Loaded Objects now: 4969.
Total: 4.611900 ms (FindLiveObjects: 0.647500 ms CreateObjectMapping: 0.226700 ms MarkObjects: 3.541200 ms  DeleteObjects: 0.194900 ms)

========================================================================
Received Prepare
Registering precompiled user dll's ...
Registered in 0.013677 seconds.
Begin MonoManager ReloadAssembly
Native extension for WindowsStandalone target not found
Refreshing native plugins compatible for Editor in 1.80 ms, found 6 plugins.
Preloading 0 native plugins for Editor in 0.00 ms.
Mono: successfully reloaded assembly
- Completed reload, in  3.178 seconds
Platform modules already initialized, skipping
Shader 'Universal Render Pipeline/Particles/Lit': fallback shader 'Universal Render Pipeline/Particles/SimpleLit' not found
Refreshing native plugins compatible for Editor in 1.65 ms, found 6 plugins.
Preloading 0 native plugins for Editor in 0.00 ms.
Unloading 4346 Unused Serialized files (Serialized files now loaded: 0)
System memory in use before: 215.8 MB.
System memory in use after: 216.0 MB.

Unloading 27 unused Assets to reduce memory usage. Loaded Objects now: 4973.
Total: 5.099100 ms (FindLiveObjects: 0.685300 ms CreateObjectMapping: 0.256300 ms MarkObjects: 3.994200 ms  DeleteObjects: 0.161300 ms)

========================================================================
Received Prepare
Registering precompiled user dll's ...
Registered in 0.014786 seconds.
Begin MonoManager ReloadAssembly
Native extension for WindowsStandalone target not found
Refreshing native plugins compatible for Editor in 1.92 ms, found 6 plugins.
Preloading 0 native plugins for Editor in 0.00 ms.
Mono: successfully reloaded assembly
- Completed reload, in  3.186 seconds
Platform modules already initialized, skipping
Shader 'Universal Render Pipeline/Particles/Lit': fallback shader 'Universal Render Pipeline/Particles/SimpleLit' not found
Refreshing native plugins compatible for Editor in 1.96 ms, found 6 plugins.
Preloading 0 native plugins for Editor in 0.00 ms.
Unloading 4346 Unused Serialized files (Serialized files now loaded: 0)
System memory in use before: 215.8 MB.
System memory in use after: 216.0 MB.

Unloading 27 unused Assets to reduce memory usage. Loaded Objects now: 4977.
Total: 5.810500 ms (FindLiveObjects: 0.715300 ms CreateObjectMapping: 0.252800 ms MarkObjects: 4.634600 ms  DeleteObjects: 0.206000 ms)

AssetImportWorkerClient::OnTransportError - code=2 error=End of file
